2025-04-24 00:19:14,557 - INFO - No videos found or selected.
2025-04-24 00:58:58,496 - INFO - No videos found or selected.
2025-04-24 01:00:19,014 - INFO - Video info updated: fitness center clash over a equipment equipment, 1080x1920, 14 seconds
2025-04-24 01:00:19,032 - INFO - Selected video: D:/OTOFBPro/videos/fitness center clash over a equipment equipment.mp4
2025-04-24 01:11:24,764 - INFO - No videos found or selected.
2025-04-24 01:12:16,724 - INFO - Video info updated: fitness center clash over a equipment equipment, 1080x1920, 14 seconds
2025-04-24 01:12:16,726 - INFO - Selected video: D:/OTOFBPro/videos/fitness center clash over a equipment equipment.mp4
2025-04-24 01:19:52,777 - INFO - No videos found or selected.
2025-04-24 01:20:27,554 - INFO - Video info updated: fitness center clash over a equipment equipment, 1080x1920, 14 seconds
2025-04-24 01:20:27,556 - INFO - Selected video: D:/OTOFBPro/videos/fitness center clash over a equipment equipment.mp4
2025-04-24 01:20:47,624 - INFO - Selected overlay image: C:/Users/DELL/Pictures/20221005_172814.mp4_snapshot_00.25.500.jpg
2025-04-24 01:28:34,133 - INFO - No videos found or selected.
2025-04-24 07:31:57,637 - INFO - No videos found or selected.
2025-04-24 08:14:56,789 - INFO - No videos found or selected.
2025-04-24 08:31:35,887 - INFO - No videos found or selected.
2025-04-24 08:35:35,319 - INFO - No videos found or selected.
2025-04-24 08:38:16,729 - INFO - No videos found or selected.
2025-04-24 08:40:15,552 - INFO - No videos found or selected.
2025-04-24 08:43:57,649 - INFO - No videos found or selected.
2025-04-24 08:46:09,388 - INFO - No videos found or selected.
2025-04-24 08:54:57,156 - INFO - No videos found or selected.
2025-04-24 08:55:44,276 - INFO - Video info updated: fitness center clash over a equipment equipment, 1080x1920, 14 seconds
2025-04-24 08:55:44,277 - INFO - Selected video: D:/OTOFBPro/videos/fitness center clash over a equipment equipment.mp4
2025-04-24 08:56:20,165 - INFO - Video info updated: fitness center clash over a equipment equipment, 1080x1920, 14 seconds
2025-04-24 09:26:29,968 - INFO - Updated video info for: D:/OTOFBPro/videos/fitness center clash over a equipment equipment.mp4
2025-04-24 09:26:29,968 - INFO - Selected video: D:/OTOFBPro/videos/fitness center clash over a equipment equipment.mp4
2025-04-24 09:27:05,535 - INFO - Selected overlay image: D:/OTOFBPro/images/folder structure backend.jpg
